<?xml version="1.0" encoding="UTF-8"?>
<!-- Generated by org.testng.reporters.JUnitReportReporter -->
<testsuite hostname="DESKTOP-1IAKUIC" failures="0" tests="1" name="testCases.TC001_AccountRegistrationTest" time="2.809" errors="0" timestamp="2024-12-24T19:21:23 IST" skipped="0">
  <testcase classname="testCases.TC001_AccountRegistrationTest" name="test_Account_Registration" time="2.809"/>
</testsuite> <!-- testCases.TC001_AccountRegistrationTest -->
