<?xml version="1.0" encoding="UTF-8"?>
<!-- Generated by org.testng.reporters.JUnitReportReporter -->
<testsuite hostname="DESKTOP-1IAKUIC" failures="0" tests="1" name="testCases.TC002_LoginTest" time="1.496" errors="0" timestamp="2024-12-25T18:17:40 IST" skipped="0">
  <testcase classname="testCases.TC002_LoginTest" name="verify_Login" time="1.496"/>
</testsuite> <!-- testCases.TC002_LoginTest -->
