<?xml version="1.0" encoding="UTF-8"?>
<!-- Generated by org.testng.reporters.JUnitReportReporter -->
<testsuite hostname="DESKTOP-1IAKUIC" failures="0" tests="1" name="testCases.TC001_AccountRegistrationTest" time="1.999" errors="0" timestamp="2024-12-25T18:17:40 IST" skipped="0">
  <testcase classname="testCases.TC001_AccountRegistrationTest" name="test_Account_Registration" time="1.999"/>
</testsuite> <!-- testCases.TC001_AccountRegistrationTest -->
